  GameBoard.cpp
  Generating code
  1 of 699 functions ( 0.1%) were compiled, the rest were copied from previous compilation.
    0 functions were new in current compilation
    2 functions had inline decision re-evaluated but remain unchanged
  Finished generating code
  UbiGame.vcxproj -> C:\Users\bisbo\Documents\Ubisoft\HackersNest-main\UbiGame_Blank01\x64\Release\UbiGame.exe
  C:\Users\bisbo\Documents\Ubisoft\HackersNest-main\UbiGame_Blank01\UbiGame\Resources\fonts\Indie.ttf
  C:\Users\bisbo\Documents\Ubisoft\HackersNest-main\UbiGame_Blank01\UbiGame\Resources\img\apple.png
  C:\Users\bisbo\Documents\Ubisoft\HackersNest-main\UbiGame_Blank01\UbiGame\Resources\img\Background.png
  C:\Users\bisbo\Documents\Ubisoft\HackersNest-main\UbiGame_Blank01\UbiGame\Resources\img\bg.png
  C:\Users\bisbo\Documents\Ubisoft\HackersNest-main\UbiGame_Blank01\UbiGame\Resources\img\can.png
  C:\Users\bisbo\Documents\Ubisoft\HackersNest-main\UbiGame_Blank01\UbiGame\Resources\img\carrot.png
  C:\Users\bisbo\Documents\Ubisoft\HackersNest-main\UbiGame_Blank01\UbiGame\Resources\img\corn.png
  C:\Users\bisbo\Documents\Ubisoft\HackersNest-main\UbiGame_Blank01\UbiGame\Resources\img\eggplant.png
  C:\Users\bisbo\Documents\Ubisoft\HackersNest-main\UbiGame_Blank01\UbiGame\Resources\img\gameover.png
  C:\Users\bisbo\Documents\Ubisoft\HackersNest-main\UbiGame_Blank01\UbiGame\Resources\img\grassbg.png
  C:\Users\bisbo\Documents\Ubisoft\HackersNest-main\UbiGame_Blank01\UbiGame\Resources\img\healthbar.png
  C:\Users\bisbo\Documents\Ubisoft\HackersNest-main\UbiGame_Blank01\UbiGame\Resources\img\npc.png
  C:\Users\bisbo\Documents\Ubisoft\HackersNest-main\UbiGame_Blank01\UbiGame\Resources\img\Obstacle.png
  C:\Users\bisbo\Documents\Ubisoft\HackersNest-main\UbiGame_Blank01\UbiGame\Resources\img\peanutButter.png
  C:\Users\bisbo\Documents\Ubisoft\HackersNest-main\UbiGame_Blank01\UbiGame\Resources\img\pickup.png
  C:\Users\bisbo\Documents\Ubisoft\HackersNest-main\UbiGame_Blank01\UbiGame\Resources\img\Player.png
  C:\Users\bisbo\Documents\Ubisoft\HackersNest-main\UbiGame_Blank01\UbiGame\Resources\img\soda.png
  C:\Users\bisbo\Documents\Ubisoft\HackersNest-main\UbiGame_Blank01\UbiGame\Resources\img\spam.png
  C:\Users\bisbo\Documents\Ubisoft\HackersNest-main\UbiGame_Blank01\UbiGame\Resources\img\wipes.png
  19 File(s) copied
